<?xml version="1.0" encoding="UTF-8"?>
<testsuite xmlns:xsi="http://www.w3.org/2001/XMLSchema-instance" xsi:noNamespaceSchemaLocation="https://maven.apache.org/surefire/maven-surefire-plugin/xsd/surefire-test-report.xsd" name="si.teammystic.AppTest" time="0.026" tests="1" errors="0" skipped="0" failures="0">
  <properties>
    <property name="java.specification.version" value="17"/>
    <property name="sun.cpu.isalist" value="amd64"/>
    <property name="sun.jnu.encoding" value="Cp1250"/>
    <property name="java.class.path" value="D:\Workspace\VS Code\network-manager\target\test-classes;D:\Workspace\VS Code\network-manager\target\classes;C:\Users\jerne\.m2\repository\net\md-5\bungeecord-api\1.19-R0.1-SNAPSHOT\bungeecord-api-1.19-R0.1-SNAPSHOT.jar;C:\Users\jerne\.m2\repository\net\md-5\bungeecord-chat\1.19-R0.1-SNAPSHOT\bungeecord-chat-1.19-R0.1-SNAPSHOT.jar;C:\Users\jerne\.m2\repository\net\md-5\bungeecord-config\1.19-R0.1-SNAPSHOT\bungeecord-config-1.19-R0.1-SNAPSHOT.jar;C:\Users\jerne\.m2\repository\net\md-5\bungeecord-event\1.19-R0.1-SNAPSHOT\bungeecord-event-1.19-R0.1-SNAPSHOT.jar;C:\Users\jerne\.m2\repository\net\md-5\bungeecord-protocol\1.19-R0.1-SNAPSHOT\bungeecord-protocol-1.19-R0.1-SNAPSHOT.jar;C:\Users\jerne\.m2\repository\net\md-5\brigadier\1.0.16-SNAPSHOT\brigadier-1.0.16-SNAPSHOT.jar;C:\Users\jerne\.m2\repository\io\netty\netty-codec\4.1.93.Final\netty-codec-4.1.93.Final.jar;C:\Users\jerne\.m2\repository\net\sf\trove4j\core\3.1.0\core-3.1.0.jar;C:\Users\jerne\.m2\repository\se\llbit\jo-nbt\1.3.0\jo-nbt-1.3.0.jar;C:\Users\jerne\.m2\repository\io\netty\netty-transport-native-unix-common\4.1.93.Final\netty-transport-native-unix-common-4.1.93.Final.jar;C:\Users\jerne\.m2\repository\io\netty\netty-common\4.1.93.Final\netty-common-4.1.93.Final.jar;C:\Users\jerne\.m2\repository\io\netty\netty-buffer\4.1.93.Final\netty-buffer-4.1.93.Final.jar;C:\Users\jerne\.m2\repository\io\netty\netty-transport\4.1.93.Final\netty-transport-4.1.93.Final.jar;C:\Users\jerne\.m2\repository\io\netty\netty-resolver\4.1.93.Final\netty-resolver-4.1.93.Final.jar;C:\Users\jerne\.m2\repository\org\yaml\snakeyaml\1.33\snakeyaml-1.33.jar;C:\Users\jerne\.m2\repository\com\google\guava\guava\31.1-jre\guava-31.1-jre.jar;C:\Users\jerne\.m2\repository\com\google\guava\failureaccess\1.0.1\failureaccess-1.0.1.jar;C:\Users\jerne\.m2\repository\com\google\guava\listenablefuture\9999.0-empty-to-avoid-conflict-with-guava\listenablefuture-9999.0-empty-to-avoid-conflict-with-guava.jar;C:\Users\jerne\.m2\repository\com\google\code\findbugs\jsr305\3.0.2\jsr305-3.0.2.jar;C:\Users\jerne\.m2\repository\org\checkerframework\checker-qual\3.12.0\checker-qual-3.12.0.jar;C:\Users\jerne\.m2\repository\com\google\errorprone\error_prone_annotations\2.11.0\error_prone_annotations-2.11.0.jar;C:\Users\jerne\.m2\repository\com\google\j2objc\j2objc-annotations\1.3\j2objc-annotations-1.3.jar;C:\Users\jerne\.m2\repository\net\md-5\bungeecord-api\1.19-R0.1-SNAPSHOT\bungeecord-api-1.19-R0.1-SNAPSHOT-javadoc.jar;C:\Users\jerne\.m2\repository\org\spigotmc\spigot-api\1.20.1-R0.1-SNAPSHOT\spigot-api-1.20.1-R0.1-SNAPSHOT.jar;C:\Users\jerne\.m2\repository\org\joml\joml\1.10.5\joml-1.10.5.jar;C:\Users\jerne\.m2\repository\commons-io\commons-io\2.12.0\commons-io-2.12.0.jar;C:\Users\jerne\.m2\repository\com\google\code\gson\gson\2.9.1\gson-2.9.1.jar;C:\Users\jerne\.m2\repository\redis\clients\jedis\2.8.1\jedis-2.8.1.jar;C:\Users\jerne\.m2\repository\org\apache\commons\commons-pool2\2.4.2\commons-pool2-2.4.2.jar;C:\Users\jerne\.m2\repository\com\mysql\mysql-connector-j\8.0.33\mysql-connector-j-8.0.33.jar;C:\Users\jerne\.m2\repository\com\google\protobuf\protobuf-java\3.21.9\protobuf-java-3.21.9.jar;C:\Users\jerne\.m2\repository\junit\junit\4.11\junit-4.11.jar;C:\Users\jerne\.m2\repository\org\hamcrest\hamcrest-core\1.3\hamcrest-core-1.3.jar;"/>
    <property name="java.vm.vendor" value="Oracle Corporation"/>
    <property name="sun.arch.data.model" value="64"/>
    <property name="user.variant" value=""/>
    <property name="java.vendor.url" value="https://java.oracle.com/"/>
    <property name="user.timezone" value="Europe/Ljubljana"/>
    <property name="os.name" value="Windows 11"/>
    <property name="java.vm.specification.version" value="17"/>
    <property name="sun.java.launcher" value="SUN_STANDARD"/>
    <property name="user.country" value="SI"/>
    <property name="sun.boot.library.path" value="C:\Program Files\Java\jdk-17\bin"/>
    <property name="sun.java.command" value="C:\Users\jerne\AppData\Local\Temp\surefire4146331401874540167\surefirebooter10957685966051133820.jar C:\Users\jerne\AppData\Local\Temp\surefire4146331401874540167 2023-09-02T11-50-45_667-jvmRun1 surefire2774817723312046739tmp surefire_016940983683765951118tmp"/>
    <property name="jdk.debug" value="release"/>
    <property name="surefire.test.class.path" value="D:\Workspace\VS Code\network-manager\target\test-classes;D:\Workspace\VS Code\network-manager\target\classes;C:\Users\jerne\.m2\repository\net\md-5\bungeecord-api\1.19-R0.1-SNAPSHOT\bungeecord-api-1.19-R0.1-SNAPSHOT.jar;C:\Users\jerne\.m2\repository\net\md-5\bungeecord-chat\1.19-R0.1-SNAPSHOT\bungeecord-chat-1.19-R0.1-SNAPSHOT.jar;C:\Users\jerne\.m2\repository\net\md-5\bungeecord-config\1.19-R0.1-SNAPSHOT\bungeecord-config-1.19-R0.1-SNAPSHOT.jar;C:\Users\jerne\.m2\repository\net\md-5\bungeecord-event\1.19-R0.1-SNAPSHOT\bungeecord-event-1.19-R0.1-SNAPSHOT.jar;C:\Users\jerne\.m2\repository\net\md-5\bungeecord-protocol\1.19-R0.1-SNAPSHOT\bungeecord-protocol-1.19-R0.1-SNAPSHOT.jar;C:\Users\jerne\.m2\repository\net\md-5\brigadier\1.0.16-SNAPSHOT\brigadier-1.0.16-SNAPSHOT.jar;C:\Users\jerne\.m2\repository\io\netty\netty-codec\4.1.93.Final\netty-codec-4.1.93.Final.jar;C:\Users\jerne\.m2\repository\net\sf\trove4j\core\3.1.0\core-3.1.0.jar;C:\Users\jerne\.m2\repository\se\llbit\jo-nbt\1.3.0\jo-nbt-1.3.0.jar;C:\Users\jerne\.m2\repository\io\netty\netty-transport-native-unix-common\4.1.93.Final\netty-transport-native-unix-common-4.1.93.Final.jar;C:\Users\jerne\.m2\repository\io\netty\netty-common\4.1.93.Final\netty-common-4.1.93.Final.jar;C:\Users\jerne\.m2\repository\io\netty\netty-buffer\4.1.93.Final\netty-buffer-4.1.93.Final.jar;C:\Users\jerne\.m2\repository\io\netty\netty-transport\4.1.93.Final\netty-transport-4.1.93.Final.jar;C:\Users\jerne\.m2\repository\io\netty\netty-resolver\4.1.93.Final\netty-resolver-4.1.93.Final.jar;C:\Users\jerne\.m2\repository\org\yaml\snakeyaml\1.33\snakeyaml-1.33.jar;C:\Users\jerne\.m2\repository\com\google\guava\guava\31.1-jre\guava-31.1-jre.jar;C:\Users\jerne\.m2\repository\com\google\guava\failureaccess\1.0.1\failureaccess-1.0.1.jar;C:\Users\jerne\.m2\repository\com\google\guava\listenablefuture\9999.0-empty-to-avoid-conflict-with-guava\listenablefuture-9999.0-empty-to-avoid-conflict-with-guava.jar;C:\Users\jerne\.m2\repository\com\google\code\findbugs\jsr305\3.0.2\jsr305-3.0.2.jar;C:\Users\jerne\.m2\repository\org\checkerframework\checker-qual\3.12.0\checker-qual-3.12.0.jar;C:\Users\jerne\.m2\repository\com\google\errorprone\error_prone_annotations\2.11.0\error_prone_annotations-2.11.0.jar;C:\Users\jerne\.m2\repository\com\google\j2objc\j2objc-annotations\1.3\j2objc-annotations-1.3.jar;C:\Users\jerne\.m2\repository\net\md-5\bungeecord-api\1.19-R0.1-SNAPSHOT\bungeecord-api-1.19-R0.1-SNAPSHOT-javadoc.jar;C:\Users\jerne\.m2\repository\org\spigotmc\spigot-api\1.20.1-R0.1-SNAPSHOT\spigot-api-1.20.1-R0.1-SNAPSHOT.jar;C:\Users\jerne\.m2\repository\org\joml\joml\1.10.5\joml-1.10.5.jar;C:\Users\jerne\.m2\repository\commons-io\commons-io\2.12.0\commons-io-2.12.0.jar;C:\Users\jerne\.m2\repository\com\google\code\gson\gson\2.9.1\gson-2.9.1.jar;C:\Users\jerne\.m2\repository\redis\clients\jedis\2.8.1\jedis-2.8.1.jar;C:\Users\jerne\.m2\repository\org\apache\commons\commons-pool2\2.4.2\commons-pool2-2.4.2.jar;C:\Users\jerne\.m2\repository\com\mysql\mysql-connector-j\8.0.33\mysql-connector-j-8.0.33.jar;C:\Users\jerne\.m2\repository\com\google\protobuf\protobuf-java\3.21.9\protobuf-java-3.21.9.jar;C:\Users\jerne\.m2\repository\junit\junit\4.11\junit-4.11.jar;C:\Users\jerne\.m2\repository\org\hamcrest\hamcrest-core\1.3\hamcrest-core-1.3.jar;"/>
    <property name="sun.cpu.endian" value="little"/>
    <property name="user.home" value="C:\Users\jerne"/>
    <property name="user.language" value="sl"/>
    <property name="java.specification.vendor" value="Oracle Corporation"/>
    <property name="java.version.date" value="2023-04-18"/>
    <property name="java.home" value="C:\Program Files\Java\jdk-17"/>
    <property name="file.separator" value="\"/>
    <property name="basedir" value="D:\Workspace\VS Code\network-manager"/>
    <property name="java.vm.compressedOopsMode" value="Zero based"/>
    <property name="line.separator" value="&#10;"/>
    <property name="java.vm.specification.vendor" value="Oracle Corporation"/>
    <property name="java.specification.name" value="Java Platform API Specification"/>
    <property name="surefire.real.class.path" value="C:\Users\jerne\AppData\Local\Temp\surefire4146331401874540167\surefirebooter10957685966051133820.jar"/>
    <property name="user.script" value=""/>
    <property name="sun.management.compiler" value="HotSpot 64-Bit Tiered Compilers"/>
    <property name="java.runtime.version" value="17.0.7+8-LTS-224"/>
    <property name="user.name" value="jerne"/>
    <property name="path.separator" value=";"/>
    <property name="os.version" value="10.0"/>
    <property name="java.runtime.name" value="Java(TM) SE Runtime Environment"/>
    <property name="file.encoding" value="Cp1250"/>
    <property name="java.vm.name" value="Java HotSpot(TM) 64-Bit Server VM"/>
    <property name="localRepository" value="C:\Users\jerne\.m2\repository"/>
    <property name="java.vendor.url.bug" value="https://bugreport.java.com/bugreport/"/>
    <property name="java.io.tmpdir" value="C:\Users\jerne\AppData\Local\Temp\"/>
    <property name="java.version" value="17.0.7"/>
    <property name="user.dir" value="D:\Workspace\VS Code\network-manager"/>
    <property name="os.arch" value="amd64"/>
    <property name="java.vm.specification.name" value="Java Virtual Machine Specification"/>
    <property name="sun.os.patch.level" value=""/>
    <property name="native.encoding" value="Cp1250"/>
    <property name="java.library.path" value="C:\Program Files\Java\jdk-17\bin;C:\WINDOWS\Sun\Java\bin;C:\WINDOWS\system32;C:\WINDOWS;D:\WmWare 17 Pro\bin\;C:\Program Files (x86)\Razer\ChromaBroadcast\bin;C:\Program Files\Razer\ChromaBroadcast\bin;C:\Program Files\Common Files\Oracle\Java\javapath;C:\WINDOWS\system32;C:\WINDOWS;C:\WINDOWS\System32\Wbem;C:\WINDOWS\System32\WindowsPowerShell\v1.0\;C:\WINDOWS\System32\OpenSSH\;C:\Program Files\NVIDIA Corporation\NVIDIA NvDLISR;C:\Program Files (x86)\NVIDIA Corporation\PhysX\Common;C:\Program Files\PuTTY\;C:\Program Files\Git\cmd;C:\Program Files\nodejs\;C:\WINDOWS\system32\config\systemprofile\AppData\Local\Microsoft\WindowsApps;C:\Program Files\apache-maven-4.0.0-alpha-7\bin;C:\Users\jerne\AppData\Local\Microsoft\WindowsApps;C:\Users\jerne\AppData\Local\GitHubDesktop\bin;D:\Microsoft VS Code\bin;C:\Users\jerne\AppData\Roaming\npm;."/>
    <property name="java.vm.info" value="mixed mode, sharing"/>
    <property name="java.vendor" value="Oracle Corporation"/>
    <property name="java.vm.version" value="17.0.7+8-LTS-224"/>
    <property name="sun.io.unicode.encoding" value="UnicodeLittle"/>
    <property name="java.class.version" value="61.0"/>
  </properties>
  <testcase name="shouldAnswerWithTrue" classname="si.teammystic.AppTest" time="0.001"/>
</testsuite>